nohup: ignoring input

____________________________________________________________________________________________________
____________________________________________________________________________________________________
TRYING INITIAL GUESS 1
____________________________________________________________________________________________________
____________________________________________________________________________________________________



~~~~~~~~~~~~~~~~~~~~~~~~~~~~~~~~~~~~~~~~~~~~~~~~~~~~~~~~~~~~~~~~~~~~~~~~~~~~~~~~~~~~~~~~~~~~~~~~~~~~
DEFLATION NUMBER  1 -> We are deflating 0 Solutions
~~~~~~~~~~~~~~~~~~~~~~~~~~~~~~~~~~~~~~~~~~~~~~~~~~~~~~~~~~~~~~~~~~~~~~~~~~~~~~~~~~~~~~~~~~~~~~~~~~~~




This solution required  6 de Boor + Physical Solve Loops

The physical solver iteration counts are : 
[14, 3, 2, 2, 1]


CHECKING THE SOLUTION : 2.3880640166546034e-11




~~~~~~~~~~~~~~~~~~~~~~~~~~~~~~~~~~~~~~~~~~~~~~~~~~~~~~~~~~~~~~~~~~~~~~~~~~~~~~~~~~~~~~~~~~~~~~~~~~~~
DEFLATION NUMBER  2 -> We are deflating 1 Solutions
~~~~~~~~~~~~~~~~~~~~~~~~~~~~~~~~~~~~~~~~~~~~~~~~~~~~~~~~~~~~~~~~~~~~~~~~~~~~~~~~~~~~~~~~~~~~~~~~~~~~




This solution required  11 de Boor + Physical Solve Loops

The physical solver iteration counts are : 
[48, 3, 3, 2, 2, 2, 2, 2, 1, 1]


CHECKING THE SOLUTION : 1.391785272004536e-10




~~~~~~~~~~~~~~~~~~~~~~~~~~~~~~~~~~~~~~~~~~~~~~~~~~~~~~~~~~~~~~~~~~~~~~~~~~~~~~~~~~~~~~~~~~~~~~~~~~~~
DEFLATION NUMBER  3 -> We are deflating 2 Solutions
~~~~~~~~~~~~~~~~~~~~~~~~~~~~~~~~~~~~~~~~~~~~~~~~~~~~~~~~~~~~~~~~~~~~~~~~~~~~~~~~~~~~~~~~~~~~~~~~~~~~




This solution required  8 de Boor + Physical Solve Loops

The physical solver iteration counts are : 
[22, 3, 2, 2, 2, 2, 1]


CHECKING THE SOLUTION : 3.0790360153206825e-11




~~~~~~~~~~~~~~~~~~~~~~~~~~~~~~~~~~~~~~~~~~~~~~~~~~~~~~~~~~~~~~~~~~~~~~~~~~~~~~~~~~~~~~~~~~~~~~~~~~~~
DEFLATION NUMBER  4 -> We are deflating 3 Solutions
~~~~~~~~~~~~~~~~~~~~~~~~~~~~~~~~~~~~~~~~~~~~~~~~~~~~~~~~~~~~~~~~~~~~~~~~~~~~~~~~~~~~~~~~~~~~~~~~~~~~




This solution required  7 de Boor + Physical Solve Loops

The physical solver iteration counts are : 
[23, 3, 2, 2, 2, 1]


CHECKING THE SOLUTION : 1.1308857767762425e-11




~~~~~~~~~~~~~~~~~~~~~~~~~~~~~~~~~~~~~~~~~~~~~~~~~~~~~~~~~~~~~~~~~~~~~~~~~~~~~~~~~~~~~~~~~~~~~~~~~~~~
DEFLATION NUMBER  5 -> We are deflating 4 Solutions
~~~~~~~~~~~~~~~~~~~~~~~~~~~~~~~~~~~~~~~~~~~~~~~~~~~~~~~~~~~~~~~~~~~~~~~~~~~~~~~~~~~~~~~~~~~~~~~~~~~~




This solution required  9 de Boor + Physical Solve Loops

The physical solver iteration counts are : 
[63, 3, 2, 2, 2, 2, 2, 1]


CHECKING THE SOLUTION : 3.064365343964365e-11




~~~~~~~~~~~~~~~~~~~~~~~~~~~~~~~~~~~~~~~~~~~~~~~~~~~~~~~~~~~~~~~~~~~~~~~~~~~~~~~~~~~~~~~~~~~~~~~~~~~~
DEFLATION NUMBER  6 -> We are deflating 5 Solutions
~~~~~~~~~~~~~~~~~~~~~~~~~~~~~~~~~~~~~~~~~~~~~~~~~~~~~~~~~~~~~~~~~~~~~~~~~~~~~~~~~~~~~~~~~~~~~~~~~~~~


Max iterations reached and/or sequence is diverging


____________________________________________________________________________________________________
____________________________________________________________________________________________________
TRYING INITIAL GUESS 2
____________________________________________________________________________________________________
____________________________________________________________________________________________________



~~~~~~~~~~~~~~~~~~~~~~~~~~~~~~~~~~~~~~~~~~~~~~~~~~~~~~~~~~~~~~~~~~~~~~~~~~~~~~~~~~~~~~~~~~~~~~~~~~~~
DEFLATION NUMBER  1 -> We are deflating 5 Solutions
~~~~~~~~~~~~~~~~~~~~~~~~~~~~~~~~~~~~~~~~~~~~~~~~~~~~~~~~~~~~~~~~~~~~~~~~~~~~~~~~~~~~~~~~~~~~~~~~~~~~


Max iterations reached and/or sequence is diverging


____________________________________________________________________________________________________
____________________________________________________________________________________________________
TRYING INITIAL GUESS 3
____________________________________________________________________________________________________
____________________________________________________________________________________________________



~~~~~~~~~~~~~~~~~~~~~~~~~~~~~~~~~~~~~~~~~~~~~~~~~~~~~~~~~~~~~~~~~~~~~~~~~~~~~~~~~~~~~~~~~~~~~~~~~~~~
DEFLATION NUMBER  1 -> We are deflating 5 Solutions
~~~~~~~~~~~~~~~~~~~~~~~~~~~~~~~~~~~~~~~~~~~~~~~~~~~~~~~~~~~~~~~~~~~~~~~~~~~~~~~~~~~~~~~~~~~~~~~~~~~~


Max iterations reached and/or sequence is diverging


____________________________________________________________________________________________________
____________________________________________________________________________________________________
TRYING INITIAL GUESS 4
____________________________________________________________________________________________________
____________________________________________________________________________________________________



~~~~~~~~~~~~~~~~~~~~~~~~~~~~~~~~~~~~~~~~~~~~~~~~~~~~~~~~~~~~~~~~~~~~~~~~~~~~~~~~~~~~~~~~~~~~~~~~~~~~
DEFLATION NUMBER  1 -> We are deflating 5 Solutions
~~~~~~~~~~~~~~~~~~~~~~~~~~~~~~~~~~~~~~~~~~~~~~~~~~~~~~~~~~~~~~~~~~~~~~~~~~~~~~~~~~~~~~~~~~~~~~~~~~~~


Max iterations reached and/or sequence is diverging


____________________________________________________________________________________________________
____________________________________________________________________________________________________
TRYING INITIAL GUESS 5
____________________________________________________________________________________________________
____________________________________________________________________________________________________



~~~~~~~~~~~~~~~~~~~~~~~~~~~~~~~~~~~~~~~~~~~~~~~~~~~~~~~~~~~~~~~~~~~~~~~~~~~~~~~~~~~~~~~~~~~~~~~~~~~~
DEFLATION NUMBER  1 -> We are deflating 5 Solutions
~~~~~~~~~~~~~~~~~~~~~~~~~~~~~~~~~~~~~~~~~~~~~~~~~~~~~~~~~~~~~~~~~~~~~~~~~~~~~~~~~~~~~~~~~~~~~~~~~~~~


Max iterations reached and/or sequence is diverging

My path is /home/margaretam/github_output/Output_From_MacLachlans_Computer/Continued_Deflation_Codes/output_plots_test2/test2_try2_
The path to save the file is /home/margaretam/github_output/Output_From_MacLachlans_Computer/Continued_Deflation_Codes/output_plots_test2/test2_try2_April_30_2024_Solution_1_at_eps_1.pdf

The path to save the file is /home/margaretam/github_output/Output_From_MacLachlans_Computer/Continued_Deflation_Codes/output_plots_test2/test2_try2_April_30_2024_Solution_2_at_eps_1.pdf

The path to save the file is /home/margaretam/github_output/Output_From_MacLachlans_Computer/Continued_Deflation_Codes/output_plots_test2/test2_try2_April_30_2024_Solution_3_at_eps_1.pdf

The path to save the file is /home/margaretam/github_output/Output_From_MacLachlans_Computer/Continued_Deflation_Codes/output_plots_test2/test2_try2_April_30_2024_Solution_4_at_eps_1.pdf

The path to save the file is /home/margaretam/github_output/Output_From_MacLachlans_Computer/Continued_Deflation_Codes/output_plots_test2/test2_try2_April_30_2024_Solution_5_at_eps_1.pdf

